0 info it worked if it ends with ok
1 verbose cli [ '/usr/local/bin/node',
1 verbose cli   '/usr/local/bin/npm',
1 verbose cli   'run',
1 verbose cli   'dev:server' ]
2 info using npm@3.10.10
3 info using node@v6.14.4
4 verbose run-script [ 'predev:server', 'dev:server', 'postdev:server' ]
5 info lifecycle vue-todo@1.0.0~predev:server: vue-todo@1.0.0
6 silly lifecycle vue-todo@1.0.0~predev:server: no script for predev:server, continuing
7 info lifecycle vue-todo@1.0.0~dev:server: vue-todo@1.0.0
8 verbose lifecycle vue-todo@1.0.0~dev:server: unsafe-perm in lifecycle true
9 verbose lifecycle vue-todo@1.0.0~dev:server: PATH: /usr/local/lib/node_modules/npm/bin/node-gyp-bin:/Users/yangguang02/Desktop/sduty/vue/vue-ssr/node_modules/.bin:/usr/local/bin:/usr/bin:/bin:/usr/sbin:/sbin:/Users/yangguang02/Library/Android/sdk/tools:/Users/yangguang02/Library/Android/sdk/platform-tools:/usr/local/Cellar/python:/usr/local/mysql/bin
10 verbose lifecycle vue-todo@1.0.0~dev:server: CWD: /Users/yangguang02/Desktop/sduty/vue/vue-ssr
11 silly lifecycle vue-todo@1.0.0~dev:server: Args: [ '-c', 'cross-env NODE_ENV=development node server/server.js' ]
12 silly lifecycle vue-todo@1.0.0~dev:server: Returned: code: 1  signal: null
13 info lifecycle vue-todo@1.0.0~dev:server: Failed to exec dev:server script
14 verbose stack Error: vue-todo@1.0.0 dev:server: `cross-env NODE_ENV=development node server/server.js`
14 verbose stack Exit status 1
14 verbose stack     at EventEmitter.<anonymous> (/usr/local/lib/node_modules/npm/lib/utils/lifecycle.js:255:16)
14 verbose stack     at emitTwo (events.js:106:13)
14 verbose stack     at EventEmitter.emit (events.js:191:7)
14 verbose stack     at ChildProcess.<anonymous> (/usr/local/lib/node_modules/npm/lib/utils/spawn.js:40:14)
14 verbose stack     at emitTwo (events.js:106:13)
14 verbose stack     at ChildProcess.emit (events.js:191:7)
14 verbose stack     at maybeClose (internal/child_process.js:920:16)
14 verbose stack     at Process.ChildProcess._handle.onexit (internal/child_process.js:230:5)
15 verbose pkgid vue-todo@1.0.0
16 verbose cwd /Users/yangguang02/Desktop/sduty/vue/vue-ssr
17 error Darwin 17.7.0
18 error argv "/usr/local/bin/node" "/usr/local/bin/npm" "run" "dev:server"
19 error node v6.14.4
20 error npm  v3.10.10
21 error code ELIFECYCLE
22 error vue-todo@1.0.0 dev:server: `cross-env NODE_ENV=development node server/server.js`
22 error Exit status 1
23 error Failed at the vue-todo@1.0.0 dev:server script 'cross-env NODE_ENV=development node server/server.js'.
23 error Make sure you have the latest version of node.js and npm installed.
23 error If you do, this is most likely a problem with the vue-todo package,
23 error not with npm itself.
23 error Tell the author that this fails on your system:
23 error     cross-env NODE_ENV=development node server/server.js
23 error You can get information on how to open an issue for this project with:
23 error     npm bugs vue-todo
23 error Or if that isn't available, you can get their info via:
23 error     npm owner ls vue-todo
23 error There is likely additional logging output above.
24 verbose exit [ 1, true ]
